<?xml version="1.0" encoding="UTF-8"?>
<!-- Generated by org.testng.reporters.JUnitReportReporter -->
<testsuite skipped="0" hostname="DESKTOP-0AA0O4F" name="com.testng.Test_01" tests="1" failures="0" timestamp="11 May 2019 03:38:09 GMT" time="9.765" errors="0">
  <testcase name="start" time="9.765" classname="com.testng.Test_01"/>
</testsuite> <!-- com.testng.Test_01 -->
